# JRE version: OpenJDK Runtime Environment (14.0.1+7) (build 14.0.1+7)
# Java VM: OpenJDK 64-Bit Server VM (14.0.1+7, mixed mode, sharing, tiered, compressed oops, g1 gc, windows-amd64)
Heap:
 garbage-first heap   total 118784K, used 9216K [0x00000000a0c00000, 0x0000000100000000)
  region size 1024K, 5 young (5120K), 5 survivors (5120K)
 Metaspace       used 20462K, capacity 21210K, committed 21248K, reserved 1067008K
  class space    used 2784K, capacity 3071K, committed 3072K, reserved 1048576K
GC Heap History (9 events):
Event: 0.989 GC heap before
{Heap before GC invocations=0 (full 0):
 garbage-first heap   total 98304K, used 12288K [0x00000000a0c00000, 0x0000000100000000)
  region size 1024K, 13 young (13312K), 0 survivors (0K)
 Metaspace       used 5271K, capacity 5674K, committed 5888K, reserved 1056768K
  class space    used 659K, capacity 752K, committed 768K, reserved 1048576K
}
Event: 0.999 GC heap after
{Heap after GC invocations=1 (full 0):
 garbage-first heap   total 98304K, used 4003K [0x00000000a0c00000, 0x0000000100000000)
  region size 1024K, 2 young (2048K), 2 survivors (2048K)
 Metaspace       used 5271K, capacity 5674K, committed 5888K, reserved 1056768K
  class space    used 659K, capacity 752K, committed 768K, reserved 1048576K
}
Event: 1.324 GC heap before
{Heap before GC invocations=1 (full 0):
 garbage-first heap   total 98304K, used 17315K [0x00000000a0c00000, 0x0000000100000000)
  region size 1024K, 15 young (15360K), 2 survivors (2048K)
 Metaspace       used 7434K, capacity 7796K, committed 8064K, reserved 1056768K
  class space    used 964K, capacity 1076K, committed 1152K, reserved 1048576K
}
Event: 1.331 GC heap after
{Heap after GC invocations=2 (full 0):
 garbage-first heap   total 98304K, used 5078K [0x00000000a0c00000, 0x0000000100000000)
  region size 1024K, 1 young (1024K), 1 survivors (1024K)
 Metaspace       used 7434K, capacity 7796K, committed 8064K, reserved 1056768K
  class space    used 964K, capacity 1076K, committed 1152K, reserved 1048576K
}
Event: 1.814 GC heap before
{Heap before GC invocations=2 (full 0):
 garbage-first heap   total 98304K, used 28630K [0x00000000a0c00000, 0x0000000100000000)
  region size 1024K, 24 young (24576K), 1 survivors (1024K)
 Metaspace       used 11592K, capacity 12182K, committed 12416K, reserved 1060864K
  class space    used 1628K, capacity 1836K, committed 1920K, reserved 1048576K
}
Event: 1.820 GC heap after
{Heap after GC invocations=3 (full 0):
 garbage-first heap   total 98304K, used 6528K [0x00000000a0c00000, 0x0000000100000000)
  region size 1024K, 3 young (3072K), 3 survivors (3072K)
 Metaspace       used 11592K, capacity 12182K, committed 12416K, reserved 1060864K
  class space    used 1628K, capacity 1836K, committed 1920K, reserved 1048576K
}
Event: 2.540 GC heap before
{Heap before GC invocations=3 (full 0):
 garbage-first heap   total 98304K, used 61824K [0x00000000a0c00000, 0x0000000100000000)
  region size 1024K, 57 young (58368K), 3 survivors (3072K)
 Metaspace       used 18331K, capacity 19117K, committed 19200K, reserved 1064960K
  class space    used 2499K, capacity 2783K, committed 2816K, reserved 1048576K
}
Event: 2.550 GC heap after
{Heap after GC invocations=4 (full 0):
 garbage-first heap   total 98304K, used 8187K [0x00000000a0c00000, 0x0000000100000000)
  region size 1024K, 4 young (4096K), 4 survivors (4096K)
 Metaspace       used 18331K, capacity 19117K, committed 19200K, reserved 1064960K
  class space    used 2499K, capacity 2783K, committed 2816K, reserved 1048576K
}
Event: 2.940 GC heap before
{Heap before GC invocations=4 (full 0):
 garbage-first heap   total 98304K, used 25595K [0x00000000a0c00000, 0x0000000100000000)
  region size 1024K, 22 young (22528K), 4 survivors (4096K)
 Metaspace       used 20462K, capacity 21210K, committed 21248K, reserved 1067008K
  class space    used 2784K, capacity 3071K, committed 3072K, reserved 1048576K
}

